SF:lib/model/client.g.dart
DA:14,1
DA:15,1
DA:16,3
DA:17,1
DA:21,3
DA:23,12
DA:24,6
DA:25,3
DA:28,3
DA:30,12
DA:31,3
DA:32,6
DA:33,12
DA:38,3
DA:40,12
DA:41,6
DA:42,3
DA:45,0
DA:47,0
DA:48,0
DA:49,0
DA:50,0
DA:55,3
DA:57,6
DA:59,3
DA:61,6
DA:65,1
DA:67,2
DA:69,1
DA:71,2
DA:75,1
DA:77,2
DA:79,1
DA:81,2
LF:34
LH:29
end_of_record
SF:lib/model/client.dart
DA:11,6
DA:13,2
DA:14,2
DA:16,4
DA:17,4
DA:18,8
DA:19,2
DA:21,0
DA:28,1
DA:29,3
DA:30,2
DA:40,3
DA:48,1
DA:50,4
DA:53,1
DA:54,2
DA:57,3
DA:59,6
DA:60,6
DA:61,0
DA:62,0
DA:68,6
DA:69,9
DA:70,9
DA:74,1
DA:76,1
DA:78,2
DA:79,3
DA:83,1
DA:85,6
DA:88,4
DA:89,1
DA:93,1
DA:95,2
DA:98,2
DA:99,2
DA:100,2
DA:101,2
DA:102,2
DA:103,10
LF:40
LH:37
end_of_record
SF:lib/model/persistence/null_storage.dart
DA:7,0
DA:11,0
DA:16,0
DA:18,0
DA:22,0
DA:27,0
DA:32,0
DA:36,0
LF:8
LH:0
end_of_record
SF:lib/model/time.dart
DA:10,10
DA:12,1
DA:13,1
DA:15,1
DA:18,3
DA:19,3
DA:20,6
DA:21,12
DA:22,12
DA:23,9
DA:24,9
DA:46,2
DA:48,6
DA:49,0
DA:53,22
DA:54,10
DA:55,25
DA:57,6
DA:60,1
DA:62,4
DA:65,1
DA:67,4
DA:70,3
DA:72,21
DA:74,3
DA:75,3
DA:77,36
DA:79,33
DA:80,6
DA:81,6
DA:85,1
DA:86,2
LF:32
LH:31
end_of_record
SF:lib/model/time.g.dart
DA:14,2
DA:16,10
DA:19,1
DA:21,5
DA:25,3
DA:27,12
DA:28,6
DA:29,3
DA:32,3
DA:34,12
DA:35,3
DA:36,6
DA:37,12
DA:42,3
DA:44,12
DA:45,6
DA:46,3
DA:49,5
DA:51,20
DA:52,5
DA:53,10
DA:54,20
DA:59,3
DA:61,12
DA:62,6
DA:63,3
DA:66,5
DA:68,20
DA:69,5
DA:70,10
DA:71,20
DA:76,3
DA:78,12
DA:79,6
DA:80,3
DA:83,3
DA:85,12
DA:86,3
DA:87,6
DA:88,12
DA:93,3
DA:95,12
DA:96,6
DA:97,3
DA:100,5
DA:102,20
DA:103,5
DA:104,10
DA:105,20
LF:49
LH:49
end_of_record
SF:lib/model/timesheet.dart
DA:11,8
DA:13,2
DA:14,2
DA:16,4
DA:17,4
DA:19,4
DA:20,4
DA:21,6
DA:27,3
DA:28,9
DA:36,4
DA:47,1
DA:49,2
DA:53,3
DA:56,1
DA:58,2
DA:61,3
DA:64,1
DA:68,3
DA:69,2
DA:75,1
DA:77,2
DA:81,3
DA:84,1
DA:86,1
DA:87,1
DA:89,2
DA:91,2
DA:92,3
DA:96,2
DA:98,2
DA:100,4
DA:101,6
DA:105,1
DA:107,1
DA:108,1
DA:111,1
DA:114,1
DA:116,1
DA:117,1
DA:120,1
DA:121,3
DA:123,2
DA:124,3
DA:125,4
DA:126,2
DA:130,6
DA:131,2
DA:133,2
DA:134,3
DA:138,1
DA:140,9
DA:143,2
DA:144,2
DA:145,2
DA:146,2
DA:147,2
DA:148,10
LF:58
LH:58
end_of_record
SF:lib/model/timesheet.g.dart
DA:14,1
DA:16,5
DA:19,1
DA:21,5
DA:24,1
DA:26,5
DA:29,1
DA:31,5
DA:35,4
DA:37,16
DA:38,8
DA:39,4
DA:42,0
DA:44,0
DA:45,0
DA:46,0
DA:47,0
DA:52,3
DA:54,12
DA:55,6
DA:56,3
DA:59,3
DA:61,12
DA:62,3
DA:63,6
DA:64,12
DA:69,1
DA:71,4
DA:72,2
DA:73,1
DA:76,1
DA:78,4
DA:79,1
DA:80,2
DA:81,4
DA:87,1
DA:89,2
DA:91,1
DA:93,2
DA:97,2
DA:99,4
DA:101,2
DA:103,4
DA:107,1
DA:109,2
DA:111,1
DA:113,2
DA:117,1
DA:119,2
DA:121,1
DA:123,2
LF:51
LH:46
end_of_record
SF:lib/model/persistence/local_storage.dart
DA:21,1
DA:23,1
DA:25,3
DA:28,1
DA:30,2
DA:33,1
DA:36,2
DA:37,1
DA:43,2
DA:44,2
DA:50,1
DA:52,3
DA:55,1
DA:60,1
DA:61,2
DA:67,2
DA:68,1
DA:69,3
DA:75,2
DA:79,1
DA:80,2
DA:83,1
DA:86,2
DA:87,1
DA:88,3
DA:94,2
DA:96,2
DA:99,1
DA:101,5
LF:29
LH:29
end_of_record
SF:lib/model/clients.g.dart
DA:14,1
DA:16,5
DA:19,1
DA:21,5
DA:24,1
DA:26,4
DA:27,1
DA:31,1
DA:33,4
DA:34,2
DA:35,1
DA:38,1
DA:40,4
DA:41,1
DA:42,2
DA:43,4
DA:48,1
DA:50,4
DA:51,2
DA:52,1
DA:55,1
DA:57,4
DA:58,1
DA:59,2
DA:60,4
DA:65,1
DA:67,2
DA:69,1
DA:71,2
DA:75,1
DA:77,2
DA:79,1
DA:81,2
DA:85,0
DA:87,0
DA:89,0
DA:91,0
DA:95,1
DA:97,2
DA:99,1
DA:101,2
DA:105,1
DA:107,2
DA:109,1
DA:111,2
LF:45
LH:41
end_of_record
SF:lib/model/clients.dart
DA:8,2
DA:14,1
DA:22,1
DA:24,2
DA:27,1
DA:29,2
DA:33,3
DA:36,1
DA:38,1
DA:42,2
DA:45,1
DA:47,4
DA:49,2
DA:51,3
DA:52,2
DA:53,3
DA:59,1
DA:61,3
DA:63,2
DA:64,3
DA:68,0
DA:70,0
DA:73,0
DA:77,1
DA:79,2
DA:80,1
DA:82,2
DA:83,3
DA:87,1
DA:89,2
DA:90,2
DA:91,3
DA:94,2
DA:95,3
DA:96,2
DA:97,6
DA:102,1
DA:103,1
DA:107,2
DA:111,2
DA:112,3
DA:113,1
LF:42
LH:39
end_of_record
